<?xml version="1.0" encoding="UTF-8"?>
<testsuite xmlns:xsi="http://www.w3.org/2001/XMLSchema-instance" xsi:noNamespaceSchemaLocation="https://maven.apache.org/surefire/maven-surefire-plugin/xsd/surefire-test-report-3.0.xsd" version="3.0" name="TestSuite" time="122.317" tests="6" errors="0" skipped="0" failures="0">
  <properties>
    <property name="sun.desktop" value="windows"/>
    <property name="awt.toolkit" value="sun.awt.windows.WToolkit"/>
    <property name="java.specification.version" value="11"/>
    <property name="sun.cpu.isalist" value="amd64"/>
    <property name="sun.jnu.encoding" value="Cp1252"/>
    <property name="java.class.path" value="D:\TuyenVTT\My project automation\FPTPLAY_PageObjectModel\target\test-classes;D:\TuyenVTT\My project automation\FPTPLAY_PageObjectModel\target\classes;C:\Users\84879\.m2\repository\org\seleniumhq\selenium\selenium-java\4.12.0\selenium-java-4.12.0.jar;C:\Users\84879\.m2\repository\org\seleniumhq\selenium\selenium-api\4.12.0\selenium-api-4.12.0.jar;C:\Users\84879\.m2\repository\org\seleniumhq\selenium\selenium-chrome-driver\4.12.0\selenium-chrome-driver-4.12.0.jar;C:\Users\84879\.m2\repository\com\google\auto\service\auto-service-annotations\1.1.1\auto-service-annotations-1.1.1.jar;C:\Users\84879\.m2\repository\com\google\guava\guava\32.1.2-jre\guava-32.1.2-jre.jar;C:\Users\84879\.m2\repository\com\google\guava\failureaccess\1.0.1\failureaccess-1.0.1.jar;C:\Users\84879\.m2\repository\com\google\guava\listenablefuture\9999.0-empty-to-avoid-conflict-with-guava\listenablefuture-9999.0-empty-to-avoid-conflict-with-guava.jar;C:\Users\84879\.m2\repository\com\google\code\findbugs\jsr305\3.0.2\jsr305-3.0.2.jar;C:\Users\84879\.m2\repository\org\checkerframework\checker-qual\3.33.0\checker-qual-3.33.0.jar;C:\Users\84879\.m2\repository\com\google\errorprone\error_prone_annotations\2.18.0\error_prone_annotations-2.18.0.jar;C:\Users\84879\.m2\repository\com\google\j2objc\j2objc-annotations\2.8\j2objc-annotations-2.8.jar;C:\Users\84879\.m2\repository\org\seleniumhq\selenium\selenium-chromium-driver\4.12.0\selenium-chromium-driver-4.12.0.jar;C:\Users\84879\.m2\repository\org\seleniumhq\selenium\selenium-json\4.12.0\selenium-json-4.12.0.jar;C:\Users\84879\.m2\repository\org\seleniumhq\selenium\selenium-manager\4.12.0\selenium-manager-4.12.0.jar;C:\Users\84879\.m2\repository\org\seleniumhq\selenium\selenium-devtools-v114\4.12.0\selenium-devtools-v114-4.12.0.jar;C:\Users\84879\.m2\repository\org\seleniumhq\selenium\selenium-devtools-v115\4.12.0\selenium-devtools-v115-4.12.0.jar;C:\Users\84879\.m2\repository\org\seleniumhq\selenium\selenium-devtools-v116\4.12.0\selenium-devtools-v116-4.12.0.jar;C:\Users\84879\.m2\repository\org\seleniumhq\selenium\selenium-devtools-v85\4.12.0\selenium-devtools-v85-4.12.0.jar;C:\Users\84879\.m2\repository\org\seleniumhq\selenium\selenium-edge-driver\4.12.0\selenium-edge-driver-4.12.0.jar;C:\Users\84879\.m2\repository\org\seleniumhq\selenium\selenium-firefox-driver\4.12.0\selenium-firefox-driver-4.12.0.jar;C:\Users\84879\.m2\repository\org\seleniumhq\selenium\selenium-http\4.12.0\selenium-http-4.12.0.jar;C:\Users\84879\.m2\repository\dev\failsafe\failsafe\3.3.2\failsafe-3.3.2.jar;C:\Users\84879\.m2\repository\org\seleniumhq\selenium\selenium-ie-driver\4.12.0\selenium-ie-driver-4.12.0.jar;C:\Users\84879\.m2\repository\org\seleniumhq\selenium\selenium-remote-driver\4.12.0\selenium-remote-driver-4.12.0.jar;C:\Users\84879\.m2\repository\io\netty\netty-buffer\4.1.96.Final\netty-buffer-4.1.96.Final.jar;C:\Users\84879\.m2\repository\io\netty\netty-codec-http\4.1.96.Final\netty-codec-http-4.1.96.Final.jar;C:\Users\84879\.m2\repository\io\netty\netty-codec\4.1.96.Final\netty-codec-4.1.96.Final.jar;C:\Users\84879\.m2\repository\io\netty\netty-handler\4.1.96.Final\netty-handler-4.1.96.Final.jar;C:\Users\84879\.m2\repository\io\netty\netty-common\4.1.96.Final\netty-common-4.1.96.Final.jar;C:\Users\84879\.m2\repository\io\netty\netty-transport-classes-epoll\4.1.96.Final\netty-transport-classes-epoll-4.1.96.Final.jar;C:\Users\84879\.m2\repository\io\netty\netty-transport-classes-kqueue\4.1.96.Final\netty-transport-classes-kqueue-4.1.96.Final.jar;C:\Users\84879\.m2\repository\io\netty\netty-transport-native-epoll\4.1.96.Final\netty-transport-native-epoll-4.1.96.Final.jar;C:\Users\84879\.m2\repository\io\netty\netty-transport-native-kqueue\4.1.96.Final\netty-transport-native-kqueue-4.1.96.Final.jar;C:\Users\84879\.m2\repository\io\netty\netty-transport-native-unix-common\4.1.96.Final\netty-transport-native-unix-common-4.1.96.Final.jar;C:\Users\84879\.m2\repository\io\netty\netty-transport\4.1.96.Final\netty-transport-4.1.96.Final.jar;C:\Users\84879\.m2\repository\io\netty\netty-resolver\4.1.96.Final\netty-resolver-4.1.96.Final.jar;C:\Users\84879\.m2\repository\io\opentelemetry\opentelemetry-api\1.28.0\opentelemetry-api-1.28.0.jar;C:\Users\84879\.m2\repository\io\opentelemetry\opentelemetry-context\1.28.0\opentelemetry-context-1.28.0.jar;C:\Users\84879\.m2\repository\io\opentelemetry\opentelemetry-exporter-logging\1.28.0\opentelemetry-exporter-logging-1.28.0.jar;C:\Users\84879\.m2\repository\io\opentelemetry\opentelemetry-sdk-metrics\1.28.0\opentelemetry-sdk-metrics-1.28.0.jar;C:\Users\84879\.m2\repository\io\opentelemetry\opentelemetry-extension-incubator\1.28.0-alpha\opentelemetry-extension-incubator-1.28.0-alpha.jar;C:\Users\84879\.m2\repository\io\opentelemetry\opentelemetry-sdk-logs\1.28.0\opentelemetry-sdk-logs-1.28.0.jar;C:\Users\84879\.m2\repository\io\opentelemetry\opentelemetry-sdk-common\1.28.0\opentelemetry-sdk-common-1.28.0.jar;C:\Users\84879\.m2\repository\io\opentelemetry\opentelemetry-sdk-extension-autoconfigure-spi\1.28.0\opentelemetry-sdk-extension-autoconfigure-spi-1.28.0.jar;C:\Users\84879\.m2\repository\io\opentelemetry\opentelemetry-sdk-extension-autoconfigure\1.28.0\opentelemetry-sdk-extension-autoconfigure-1.28.0.jar;C:\Users\84879\.m2\repository\io\opentelemetry\opentelemetry-api-events\1.28.0-alpha\opentelemetry-api-events-1.28.0-alpha.jar;C:\Users\84879\.m2\repository\io\opentelemetry\opentelemetry-sdk-trace\1.28.0\opentelemetry-sdk-trace-1.28.0.jar;C:\Users\84879\.m2\repository\io\opentelemetry\opentelemetry-sdk\1.28.0\opentelemetry-sdk-1.28.0.jar;C:\Users\84879\.m2\repository\io\opentelemetry\opentelemetry-semconv\1.28.0-alpha\opentelemetry-semconv-1.28.0-alpha.jar;C:\Users\84879\.m2\repository\net\bytebuddy\byte-buddy\1.14.5\byte-buddy-1.14.5.jar;C:\Users\84879\.m2\repository\org\asynchttpclient\async-http-client\2.12.3\async-http-client-2.12.3.jar;C:\Users\84879\.m2\repository\org\asynchttpclient\async-http-client-netty-utils\2.12.3\async-http-client-netty-utils-2.12.3.jar;C:\Users\84879\.m2\repository\io\netty\netty-codec-socks\4.1.60.Final\netty-codec-socks-4.1.60.Final.jar;C:\Users\84879\.m2\repository\io\netty\netty-handler-proxy\4.1.60.Final\netty-handler-proxy-4.1.60.Final.jar;C:\Users\84879\.m2\repository\io\netty\netty-transport-native-epoll\4.1.60.Final\netty-transport-native-epoll-4.1.60.Final-linux-x86_64.jar;C:\Users\84879\.m2\repository\io\netty\netty-transport-native-kqueue\4.1.60.Final\netty-transport-native-kqueue-4.1.60.Final-osx-x86_64.jar;C:\Users\84879\.m2\repository\org\reactivestreams\reactive-streams\1.0.3\reactive-streams-1.0.3.jar;C:\Users\84879\.m2\repository\com\typesafe\netty\netty-reactive-streams\2.0.4\netty-reactive-streams-2.0.4.jar;C:\Users\84879\.m2\repository\com\sun\activation\jakarta.activation\1.2.2\jakarta.activation-1.2.2.jar;C:\Users\84879\.m2\repository\org\seleniumhq\selenium\selenium-os\4.12.0\selenium-os-4.12.0.jar;C:\Users\84879\.m2\repository\org\apache\commons\commons-exec\1.3\commons-exec-1.3.jar;C:\Users\84879\.m2\repository\org\seleniumhq\selenium\selenium-safari-driver\4.12.0\selenium-safari-driver-4.12.0.jar;C:\Users\84879\.m2\repository\org\seleniumhq\selenium\selenium-support\4.12.0\selenium-support-4.12.0.jar;C:\Users\84879\.m2\repository\org\testng\testng\7.8.0\testng-7.8.0.jar;C:\Users\84879\.m2\repository\org\slf4j\slf4j-api\1.7.36\slf4j-api-1.7.36.jar;C:\Users\84879\.m2\repository\com\beust\jcommander\1.82\jcommander-1.82.jar;C:\Users\84879\.m2\repository\org\webjars\jquery\3.6.1\jquery-3.6.1.jar;C:\Users\84879\.m2\repository\ru\sbtqa\firefoxdriver-bin\0.29.1\firefoxdriver-bin-0.29.1.jar;C:\Users\84879\.m2\repository\io\github\qsy7\java\modules\browser\drivers\firefoxdriver\0.1.2\firefoxdriver-0.1.2.jar;C:\Users\84879\.m2\repository\io\github\qsy7\java\modules\browser\api\service\0.1.2\service-0.1.2.jar;C:\Users\84879\.m2\repository\io\github\qsy7\java\modules\browser\api\model\0.1.2\model-0.1.2.jar;C:\Users\84879\.m2\repository\io\github\qsy7\java\infrastructure\property\api\0.1.2\api-0.1.2.jar;C:\Users\84879\.m2\repository\org\reflections\reflections\0.10.2\reflections-0.10.2.jar;C:\Users\84879\.m2\repository\org\javassist\javassist\3.28.0-GA\javassist-3.28.0-GA.jar;C:\Users\84879\.m2\repository\org\dom4j\dom4j\2.1.3\dom4j-2.1.3.jar;C:\Users\84879\.m2\repository\io\github\qsy7\java\modules\identity\api\model\0.1.2\model-0.1.2.jar;C:\Users\84879\.m2\repository\io\github\qsy7\java\modules\person\api\model\0.1.2\model-0.1.2.jar;C:\Users\84879\.m2\repository\org\passay\passay\1.6.1\passay-1.6.1.jar;C:\Users\84879\.m2\repository\io\github\qsy7\java\modules\serialization\api\service\0.1.2\service-0.1.2.jar;C:\Users\84879\.m2\repository\io\github\qsy7\java\modules\serialization\api\model\0.1.2\model-0.1.2.jar;C:\Users\84879\.m2\repository\io\github\qsy7\java\modules\keep-alive\0.1.2\keep-alive-0.1.2.jar;C:\Users\84879\.m2\repository\io\github\qsy7\java\modules\file\modules\resources\0.1.2\resources-0.1.2.jar;C:\Users\84879\.m2\repository\io\github\qsy7\java\infrastructure\inject\modules\cli\api\0.1.2\api-0.1.2.jar;C:\Users\84879\.m2\repository\io\github\qsy7\java\aspects\closeable\0.1.2\closeable-0.1.2.jar;C:\Users\84879\.m2\repository\net\bytebuddy\byte-buddy-agent\1.12.0\byte-buddy-agent-1.12.0.jar;C:\Users\84879\.m2\repository\io\github\qsy7\java\infrastructure\datastore\api\repository\0.1.2\repository-0.1.2.jar;C:\Users\84879\.m2\repository\io\github\qsy7\java\infrastructure\datastore\api\model\0.1.2\model-0.1.2.jar;C:\Users\84879\.m2\repository\javax\persistence\javax.persistence-api\2.2\javax.persistence-api-2.2.jar;C:\Users\84879\.m2\repository\javax\xml\bind\jaxb-api\2.4.0-b180830.0359\jaxb-api-2.4.0-b180830.0359.jar;C:\Users\84879\.m2\repository\javax\activation\javax.activation-api\1.2.0\javax.activation-api-1.2.0.jar;C:\Users\84879\.m2\repository\com\sun\xml\bind\jaxb-core\3.0.2\jaxb-core-3.0.2.jar;C:\Users\84879\.m2\repository\jakarta\xml\bind\jakarta.xml.bind-api\3.0.1\jakarta.xml.bind-api-3.0.1.jar;C:\Users\84879\.m2\repository\com\sun\xml\bind\jaxb-impl\3.0.2\jaxb-impl-3.0.2.jar;C:\Users\84879\.m2\repository\javax\transaction\javax.transaction-api\1.3\javax.transaction-api-1.3.jar;C:\Users\84879\.m2\repository\io\github\qsy7\java\modules\browser\impl\0.1.2\impl-0.1.2.jar;C:\Users\84879\.m2\repository\io\github\qsy7\java\modules\file\api\service\0.1.2\service-0.1.2.jar;C:\Users\84879\.m2\repository\io\github\qsy7\java\modules\file\api\model\0.1.2\model-0.1.2.jar;C:\Users\84879\.m2\repository\io\github\qsy7\java\modules\file\impl\0.1.2\impl-0.1.2.jar;C:\Users\84879\.m2\repository\io\github\qsy7\java\modules\compression\api\service\0.1.2\service-0.1.2.jar;C:\Users\84879\.m2\repository\io\github\qsy7\java\modules\compression\api\model\0.1.2\model-0.1.2.jar;C:\Users\84879\.m2\repository\org\apache\commons\commons-compress\1.21\commons-compress-1.21.jar;C:\Users\84879\.m2\repository\org\tukaani\xz\1.9\xz-1.9.jar;C:\Users\84879\.m2\repository\io\github\qsy7\java\modules\compression\modules\xz\impl\0.1.2\impl-0.1.2.jar;C:\Users\84879\.m2\repository\io\github\qsy7\java\modules\encryption\api\0.1.2\api-0.1.2.jar;C:\Users\84879\.m2\repository\io\github\qsy7\java\modules\encryption\impl\0.1.2\impl-0.1.2.jar;C:\Users\84879\.m2\repository\org\apache\commons\commons-text\1.9\commons-text-1.9.jar;C:\Users\84879\.m2\repository\org\apache\commons\commons-crypto\1.1.0\commons-crypto-1.1.0.jar;C:\Users\84879\.m2\repository\commons-codec\commons-codec\1.15\commons-codec-1.15.jar;C:\Users\84879\.m2\repository\commons-io\commons-io\2.11.0\commons-io-2.11.0.jar;C:\Users\84879\.m2\repository\io\github\qsy7\java\infrastructure\inject\core\0.1.2\core-0.1.2.jar;C:\Users\84879\.m2\repository\javax\inject\javax.inject\1\javax.inject-1.jar;C:\Users\84879\.m2\repository\io\github\qsy7\java\infrastructure\property\impl\0.1.2\impl-0.1.2.jar;C:\Users\84879\.m2\repository\io\github\qsy7\java\aspects\logging\api\0.1.2\api-0.1.2.jar;C:\Users\84879\.m2\repository\javax\enterprise\cdi-api\2.0.SP1\cdi-api-2.0.SP1.jar;C:\Users\84879\.m2\repository\javax\el\javax.el-api\3.0.0\javax.el-api-3.0.0.jar;C:\Users\84879\.m2\repository\javax\interceptor\javax.interceptor-api\1.2\javax.interceptor-api-1.2.jar;C:\Users\84879\.m2\repository\io\github\qsy7\java\infrastructure\property\modules\environment\0.1.2\environment-0.1.2.jar;C:\Users\84879\.m2\repository\io\github\qsy7\java\infrastructure\property\modules\manifest\0.1.2\manifest-0.1.2.jar;C:\Users\84879\.m2\repository\com\jcabi\jcabi-manifests\1.1\jcabi-manifests-1.1.jar;C:\Users\84879\.m2\repository\com\jcabi\jcabi-log\0.14\jcabi-log-0.14.jar;C:\Users\84879\.m2\repository\io\github\qsy7\java\modules\shell\api\model\0.1.2\model-0.1.2.jar;C:\Users\84879\.m2\repository\io\github\qsy7\java\infrastructure\datastore\impl\0.1.2\impl-0.1.2.jar;C:\Users\84879\.m2\repository\com\google\inject\extensions\guice-multibindings\4.2.2\guice-multibindings-4.2.2.jar;C:\Users\84879\.m2\repository\com\google\inject\guice\4.2.2\guice-4.2.2.jar;C:\Users\84879\.m2\repository\aopalliance\aopalliance\1.0\aopalliance-1.0.jar;C:\Users\84879\.m2\repository\com\machinepublishers\jbrowserdriver\1.1.1\jbrowserdriver-1.1.1.jar;C:\Users\84879\.m2\repository\org\apache\httpcomponents\httpclient-cache\4.5.10\httpclient-cache-4.5.10.jar;C:\Users\84879\.m2\repository\org\apache\httpcomponents\httpclient\4.5.10\httpclient-4.5.10.jar;C:\Users\84879\.m2\repository\org\apache\httpcomponents\httpcore\4.4.12\httpcore-4.4.12.jar;C:\Users\84879\.m2\repository\commons-logging\commons-logging\1.2\commons-logging-1.2.jar;C:\Users\84879\.m2\repository\org\seleniumhq\selenium\selenium-server\4.0.0-alpha-2\selenium-server-4.0.0-alpha-2.jar;C:\Users\84879\.m2\repository\org\zeroturnaround\zt-process-killer\1.10\zt-process-killer-1.10.jar;C:\Users\84879\.m2\repository\org\zeroturnaround\zt-exec\1.7\zt-exec-1.7.jar;C:\Users\84879\.m2\repository\net\java\dev\jna\jna\4.2.2\jna-4.2.2.jar;C:\Users\84879\.m2\repository\org\apache\commons\commons-lang3\3.8.1\commons-lang3-3.8.1.jar;C:\Users\84879\.m2\repository\io\github\classgraph\classgraph\4.8.47\classgraph-4.8.47.jar;C:\Users\84879\.m2\repository\commons-lang\commons-lang\2.6\commons-lang-2.6.jar;"/>
    <property name="java.vm.vendor" value="Oracle Corporation"/>
    <property name="sun.arch.data.model" value="64"/>
    <property name="user.variant" value=""/>
    <property name="java.vendor.url" value="https://openjdk.java.net/"/>
    <property name="user.timezone" value="Asia/Bangkok"/>
    <property name="java.vm.specification.version" value="11"/>
    <property name="os.name" value="Windows 10"/>
    <property name="sun.java.launcher" value="SUN_STANDARD"/>
    <property name="user.country" value="US"/>
    <property name="sun.boot.library.path" value="C:\Program Files\Java\jdk-11\bin"/>
    <property name="sun.java.command" value="C:\Users\84879\AppData\Local\Temp\surefire5701136810232215420\surefirebooter-20240505190640750_3.jar C:\Users\84879\AppData\Local\Temp\surefire5701136810232215420 2024-05-05T19-06-38_752-jvmRun1 surefire-20240505190640750_1tmp surefire_0-20240505190640750_2tmp"/>
    <property name="jdk.debug" value="release"/>
    <property name="surefire.test.class.path" value="D:\TuyenVTT\My project automation\FPTPLAY_PageObjectModel\target\test-classes;D:\TuyenVTT\My project automation\FPTPLAY_PageObjectModel\target\classes;C:\Users\84879\.m2\repository\org\seleniumhq\selenium\selenium-java\4.12.0\selenium-java-4.12.0.jar;C:\Users\84879\.m2\repository\org\seleniumhq\selenium\selenium-api\4.12.0\selenium-api-4.12.0.jar;C:\Users\84879\.m2\repository\org\seleniumhq\selenium\selenium-chrome-driver\4.12.0\selenium-chrome-driver-4.12.0.jar;C:\Users\84879\.m2\repository\com\google\auto\service\auto-service-annotations\1.1.1\auto-service-annotations-1.1.1.jar;C:\Users\84879\.m2\repository\com\google\guava\guava\32.1.2-jre\guava-32.1.2-jre.jar;C:\Users\84879\.m2\repository\com\google\guava\failureaccess\1.0.1\failureaccess-1.0.1.jar;C:\Users\84879\.m2\repository\com\google\guava\listenablefuture\9999.0-empty-to-avoid-conflict-with-guava\listenablefuture-9999.0-empty-to-avoid-conflict-with-guava.jar;C:\Users\84879\.m2\repository\com\google\code\findbugs\jsr305\3.0.2\jsr305-3.0.2.jar;C:\Users\84879\.m2\repository\org\checkerframework\checker-qual\3.33.0\checker-qual-3.33.0.jar;C:\Users\84879\.m2\repository\com\google\errorprone\error_prone_annotations\2.18.0\error_prone_annotations-2.18.0.jar;C:\Users\84879\.m2\repository\com\google\j2objc\j2objc-annotations\2.8\j2objc-annotations-2.8.jar;C:\Users\84879\.m2\repository\org\seleniumhq\selenium\selenium-chromium-driver\4.12.0\selenium-chromium-driver-4.12.0.jar;C:\Users\84879\.m2\repository\org\seleniumhq\selenium\selenium-json\4.12.0\selenium-json-4.12.0.jar;C:\Users\84879\.m2\repository\org\seleniumhq\selenium\selenium-manager\4.12.0\selenium-manager-4.12.0.jar;C:\Users\84879\.m2\repository\org\seleniumhq\selenium\selenium-devtools-v114\4.12.0\selenium-devtools-v114-4.12.0.jar;C:\Users\84879\.m2\repository\org\seleniumhq\selenium\selenium-devtools-v115\4.12.0\selenium-devtools-v115-4.12.0.jar;C:\Users\84879\.m2\repository\org\seleniumhq\selenium\selenium-devtools-v116\4.12.0\selenium-devtools-v116-4.12.0.jar;C:\Users\84879\.m2\repository\org\seleniumhq\selenium\selenium-devtools-v85\4.12.0\selenium-devtools-v85-4.12.0.jar;C:\Users\84879\.m2\repository\org\seleniumhq\selenium\selenium-edge-driver\4.12.0\selenium-edge-driver-4.12.0.jar;C:\Users\84879\.m2\repository\org\seleniumhq\selenium\selenium-firefox-driver\4.12.0\selenium-firefox-driver-4.12.0.jar;C:\Users\84879\.m2\repository\org\seleniumhq\selenium\selenium-http\4.12.0\selenium-http-4.12.0.jar;C:\Users\84879\.m2\repository\dev\failsafe\failsafe\3.3.2\failsafe-3.3.2.jar;C:\Users\84879\.m2\repository\org\seleniumhq\selenium\selenium-ie-driver\4.12.0\selenium-ie-driver-4.12.0.jar;C:\Users\84879\.m2\repository\org\seleniumhq\selenium\selenium-remote-driver\4.12.0\selenium-remote-driver-4.12.0.jar;C:\Users\84879\.m2\repository\io\netty\netty-buffer\4.1.96.Final\netty-buffer-4.1.96.Final.jar;C:\Users\84879\.m2\repository\io\netty\netty-codec-http\4.1.96.Final\netty-codec-http-4.1.96.Final.jar;C:\Users\84879\.m2\repository\io\netty\netty-codec\4.1.96.Final\netty-codec-4.1.96.Final.jar;C:\Users\84879\.m2\repository\io\netty\netty-handler\4.1.96.Final\netty-handler-4.1.96.Final.jar;C:\Users\84879\.m2\repository\io\netty\netty-common\4.1.96.Final\netty-common-4.1.96.Final.jar;C:\Users\84879\.m2\repository\io\netty\netty-transport-classes-epoll\4.1.96.Final\netty-transport-classes-epoll-4.1.96.Final.jar;C:\Users\84879\.m2\repository\io\netty\netty-transport-classes-kqueue\4.1.96.Final\netty-transport-classes-kqueue-4.1.96.Final.jar;C:\Users\84879\.m2\repository\io\netty\netty-transport-native-epoll\4.1.96.Final\netty-transport-native-epoll-4.1.96.Final.jar;C:\Users\84879\.m2\repository\io\netty\netty-transport-native-kqueue\4.1.96.Final\netty-transport-native-kqueue-4.1.96.Final.jar;C:\Users\84879\.m2\repository\io\netty\netty-transport-native-unix-common\4.1.96.Final\netty-transport-native-unix-common-4.1.96.Final.jar;C:\Users\84879\.m2\repository\io\netty\netty-transport\4.1.96.Final\netty-transport-4.1.96.Final.jar;C:\Users\84879\.m2\repository\io\netty\netty-resolver\4.1.96.Final\netty-resolver-4.1.96.Final.jar;C:\Users\84879\.m2\repository\io\opentelemetry\opentelemetry-api\1.28.0\opentelemetry-api-1.28.0.jar;C:\Users\84879\.m2\repository\io\opentelemetry\opentelemetry-context\1.28.0\opentelemetry-context-1.28.0.jar;C:\Users\84879\.m2\repository\io\opentelemetry\opentelemetry-exporter-logging\1.28.0\opentelemetry-exporter-logging-1.28.0.jar;C:\Users\84879\.m2\repository\io\opentelemetry\opentelemetry-sdk-metrics\1.28.0\opentelemetry-sdk-metrics-1.28.0.jar;C:\Users\84879\.m2\repository\io\opentelemetry\opentelemetry-extension-incubator\1.28.0-alpha\opentelemetry-extension-incubator-1.28.0-alpha.jar;C:\Users\84879\.m2\repository\io\opentelemetry\opentelemetry-sdk-logs\1.28.0\opentelemetry-sdk-logs-1.28.0.jar;C:\Users\84879\.m2\repository\io\opentelemetry\opentelemetry-sdk-common\1.28.0\opentelemetry-sdk-common-1.28.0.jar;C:\Users\84879\.m2\repository\io\opentelemetry\opentelemetry-sdk-extension-autoconfigure-spi\1.28.0\opentelemetry-sdk-extension-autoconfigure-spi-1.28.0.jar;C:\Users\84879\.m2\repository\io\opentelemetry\opentelemetry-sdk-extension-autoconfigure\1.28.0\opentelemetry-sdk-extension-autoconfigure-1.28.0.jar;C:\Users\84879\.m2\repository\io\opentelemetry\opentelemetry-api-events\1.28.0-alpha\opentelemetry-api-events-1.28.0-alpha.jar;C:\Users\84879\.m2\repository\io\opentelemetry\opentelemetry-sdk-trace\1.28.0\opentelemetry-sdk-trace-1.28.0.jar;C:\Users\84879\.m2\repository\io\opentelemetry\opentelemetry-sdk\1.28.0\opentelemetry-sdk-1.28.0.jar;C:\Users\84879\.m2\repository\io\opentelemetry\opentelemetry-semconv\1.28.0-alpha\opentelemetry-semconv-1.28.0-alpha.jar;C:\Users\84879\.m2\repository\net\bytebuddy\byte-buddy\1.14.5\byte-buddy-1.14.5.jar;C:\Users\84879\.m2\repository\org\asynchttpclient\async-http-client\2.12.3\async-http-client-2.12.3.jar;C:\Users\84879\.m2\repository\org\asynchttpclient\async-http-client-netty-utils\2.12.3\async-http-client-netty-utils-2.12.3.jar;C:\Users\84879\.m2\repository\io\netty\netty-codec-socks\4.1.60.Final\netty-codec-socks-4.1.60.Final.jar;C:\Users\84879\.m2\repository\io\netty\netty-handler-proxy\4.1.60.Final\netty-handler-proxy-4.1.60.Final.jar;C:\Users\84879\.m2\repository\io\netty\netty-transport-native-epoll\4.1.60.Final\netty-transport-native-epoll-4.1.60.Final-linux-x86_64.jar;C:\Users\84879\.m2\repository\io\netty\netty-transport-native-kqueue\4.1.60.Final\netty-transport-native-kqueue-4.1.60.Final-osx-x86_64.jar;C:\Users\84879\.m2\repository\org\reactivestreams\reactive-streams\1.0.3\reactive-streams-1.0.3.jar;C:\Users\84879\.m2\repository\com\typesafe\netty\netty-reactive-streams\2.0.4\netty-reactive-streams-2.0.4.jar;C:\Users\84879\.m2\repository\com\sun\activation\jakarta.activation\1.2.2\jakarta.activation-1.2.2.jar;C:\Users\84879\.m2\repository\org\seleniumhq\selenium\selenium-os\4.12.0\selenium-os-4.12.0.jar;C:\Users\84879\.m2\repository\org\apache\commons\commons-exec\1.3\commons-exec-1.3.jar;C:\Users\84879\.m2\repository\org\seleniumhq\selenium\selenium-safari-driver\4.12.0\selenium-safari-driver-4.12.0.jar;C:\Users\84879\.m2\repository\org\seleniumhq\selenium\selenium-support\4.12.0\selenium-support-4.12.0.jar;C:\Users\84879\.m2\repository\org\testng\testng\7.8.0\testng-7.8.0.jar;C:\Users\84879\.m2\repository\org\slf4j\slf4j-api\1.7.36\slf4j-api-1.7.36.jar;C:\Users\84879\.m2\repository\com\beust\jcommander\1.82\jcommander-1.82.jar;C:\Users\84879\.m2\repository\org\webjars\jquery\3.6.1\jquery-3.6.1.jar;C:\Users\84879\.m2\repository\ru\sbtqa\firefoxdriver-bin\0.29.1\firefoxdriver-bin-0.29.1.jar;C:\Users\84879\.m2\repository\io\github\qsy7\java\modules\browser\drivers\firefoxdriver\0.1.2\firefoxdriver-0.1.2.jar;C:\Users\84879\.m2\repository\io\github\qsy7\java\modules\browser\api\service\0.1.2\service-0.1.2.jar;C:\Users\84879\.m2\repository\io\github\qsy7\java\modules\browser\api\model\0.1.2\model-0.1.2.jar;C:\Users\84879\.m2\repository\io\github\qsy7\java\infrastructure\property\api\0.1.2\api-0.1.2.jar;C:\Users\84879\.m2\repository\org\reflections\reflections\0.10.2\reflections-0.10.2.jar;C:\Users\84879\.m2\repository\org\javassist\javassist\3.28.0-GA\javassist-3.28.0-GA.jar;C:\Users\84879\.m2\repository\org\dom4j\dom4j\2.1.3\dom4j-2.1.3.jar;C:\Users\84879\.m2\repository\io\github\qsy7\java\modules\identity\api\model\0.1.2\model-0.1.2.jar;C:\Users\84879\.m2\repository\io\github\qsy7\java\modules\person\api\model\0.1.2\model-0.1.2.jar;C:\Users\84879\.m2\repository\org\passay\passay\1.6.1\passay-1.6.1.jar;C:\Users\84879\.m2\repository\io\github\qsy7\java\modules\serialization\api\service\0.1.2\service-0.1.2.jar;C:\Users\84879\.m2\repository\io\github\qsy7\java\modules\serialization\api\model\0.1.2\model-0.1.2.jar;C:\Users\84879\.m2\repository\io\github\qsy7\java\modules\keep-alive\0.1.2\keep-alive-0.1.2.jar;C:\Users\84879\.m2\repository\io\github\qsy7\java\modules\file\modules\resources\0.1.2\resources-0.1.2.jar;C:\Users\84879\.m2\repository\io\github\qsy7\java\infrastructure\inject\modules\cli\api\0.1.2\api-0.1.2.jar;C:\Users\84879\.m2\repository\io\github\qsy7\java\aspects\closeable\0.1.2\closeable-0.1.2.jar;C:\Users\84879\.m2\repository\net\bytebuddy\byte-buddy-agent\1.12.0\byte-buddy-agent-1.12.0.jar;C:\Users\84879\.m2\repository\io\github\qsy7\java\infrastructure\datastore\api\repository\0.1.2\repository-0.1.2.jar;C:\Users\84879\.m2\repository\io\github\qsy7\java\infrastructure\datastore\api\model\0.1.2\model-0.1.2.jar;C:\Users\84879\.m2\repository\javax\persistence\javax.persistence-api\2.2\javax.persistence-api-2.2.jar;C:\Users\84879\.m2\repository\javax\xml\bind\jaxb-api\2.4.0-b180830.0359\jaxb-api-2.4.0-b180830.0359.jar;C:\Users\84879\.m2\repository\javax\activation\javax.activation-api\1.2.0\javax.activation-api-1.2.0.jar;C:\Users\84879\.m2\repository\com\sun\xml\bind\jaxb-core\3.0.2\jaxb-core-3.0.2.jar;C:\Users\84879\.m2\repository\jakarta\xml\bind\jakarta.xml.bind-api\3.0.1\jakarta.xml.bind-api-3.0.1.jar;C:\Users\84879\.m2\repository\com\sun\xml\bind\jaxb-impl\3.0.2\jaxb-impl-3.0.2.jar;C:\Users\84879\.m2\repository\javax\transaction\javax.transaction-api\1.3\javax.transaction-api-1.3.jar;C:\Users\84879\.m2\repository\io\github\qsy7\java\modules\browser\impl\0.1.2\impl-0.1.2.jar;C:\Users\84879\.m2\repository\io\github\qsy7\java\modules\file\api\service\0.1.2\service-0.1.2.jar;C:\Users\84879\.m2\repository\io\github\qsy7\java\modules\file\api\model\0.1.2\model-0.1.2.jar;C:\Users\84879\.m2\repository\io\github\qsy7\java\modules\file\impl\0.1.2\impl-0.1.2.jar;C:\Users\84879\.m2\repository\io\github\qsy7\java\modules\compression\api\service\0.1.2\service-0.1.2.jar;C:\Users\84879\.m2\repository\io\github\qsy7\java\modules\compression\api\model\0.1.2\model-0.1.2.jar;C:\Users\84879\.m2\repository\org\apache\commons\commons-compress\1.21\commons-compress-1.21.jar;C:\Users\84879\.m2\repository\org\tukaani\xz\1.9\xz-1.9.jar;C:\Users\84879\.m2\repository\io\github\qsy7\java\modules\compression\modules\xz\impl\0.1.2\impl-0.1.2.jar;C:\Users\84879\.m2\repository\io\github\qsy7\java\modules\encryption\api\0.1.2\api-0.1.2.jar;C:\Users\84879\.m2\repository\io\github\qsy7\java\modules\encryption\impl\0.1.2\impl-0.1.2.jar;C:\Users\84879\.m2\repository\org\apache\commons\commons-text\1.9\commons-text-1.9.jar;C:\Users\84879\.m2\repository\org\apache\commons\commons-crypto\1.1.0\commons-crypto-1.1.0.jar;C:\Users\84879\.m2\repository\commons-codec\commons-codec\1.15\commons-codec-1.15.jar;C:\Users\84879\.m2\repository\commons-io\commons-io\2.11.0\commons-io-2.11.0.jar;C:\Users\84879\.m2\repository\io\github\qsy7\java\infrastructure\inject\core\0.1.2\core-0.1.2.jar;C:\Users\84879\.m2\repository\javax\inject\javax.inject\1\javax.inject-1.jar;C:\Users\84879\.m2\repository\io\github\qsy7\java\infrastructure\property\impl\0.1.2\impl-0.1.2.jar;C:\Users\84879\.m2\repository\io\github\qsy7\java\aspects\logging\api\0.1.2\api-0.1.2.jar;C:\Users\84879\.m2\repository\javax\enterprise\cdi-api\2.0.SP1\cdi-api-2.0.SP1.jar;C:\Users\84879\.m2\repository\javax\el\javax.el-api\3.0.0\javax.el-api-3.0.0.jar;C:\Users\84879\.m2\repository\javax\interceptor\javax.interceptor-api\1.2\javax.interceptor-api-1.2.jar;C:\Users\84879\.m2\repository\io\github\qsy7\java\infrastructure\property\modules\environment\0.1.2\environment-0.1.2.jar;C:\Users\84879\.m2\repository\io\github\qsy7\java\infrastructure\property\modules\manifest\0.1.2\manifest-0.1.2.jar;C:\Users\84879\.m2\repository\com\jcabi\jcabi-manifests\1.1\jcabi-manifests-1.1.jar;C:\Users\84879\.m2\repository\com\jcabi\jcabi-log\0.14\jcabi-log-0.14.jar;C:\Users\84879\.m2\repository\io\github\qsy7\java\modules\shell\api\model\0.1.2\model-0.1.2.jar;C:\Users\84879\.m2\repository\io\github\qsy7\java\infrastructure\datastore\impl\0.1.2\impl-0.1.2.jar;C:\Users\84879\.m2\repository\com\google\inject\extensions\guice-multibindings\4.2.2\guice-multibindings-4.2.2.jar;C:\Users\84879\.m2\repository\com\google\inject\guice\4.2.2\guice-4.2.2.jar;C:\Users\84879\.m2\repository\aopalliance\aopalliance\1.0\aopalliance-1.0.jar;C:\Users\84879\.m2\repository\com\machinepublishers\jbrowserdriver\1.1.1\jbrowserdriver-1.1.1.jar;C:\Users\84879\.m2\repository\org\apache\httpcomponents\httpclient-cache\4.5.10\httpclient-cache-4.5.10.jar;C:\Users\84879\.m2\repository\org\apache\httpcomponents\httpclient\4.5.10\httpclient-4.5.10.jar;C:\Users\84879\.m2\repository\org\apache\httpcomponents\httpcore\4.4.12\httpcore-4.4.12.jar;C:\Users\84879\.m2\repository\commons-logging\commons-logging\1.2\commons-logging-1.2.jar;C:\Users\84879\.m2\repository\org\seleniumhq\selenium\selenium-server\4.0.0-alpha-2\selenium-server-4.0.0-alpha-2.jar;C:\Users\84879\.m2\repository\org\zeroturnaround\zt-process-killer\1.10\zt-process-killer-1.10.jar;C:\Users\84879\.m2\repository\org\zeroturnaround\zt-exec\1.7\zt-exec-1.7.jar;C:\Users\84879\.m2\repository\net\java\dev\jna\jna\4.2.2\jna-4.2.2.jar;C:\Users\84879\.m2\repository\org\apache\commons\commons-lang3\3.8.1\commons-lang3-3.8.1.jar;C:\Users\84879\.m2\repository\io\github\classgraph\classgraph\4.8.47\classgraph-4.8.47.jar;C:\Users\84879\.m2\repository\commons-lang\commons-lang\2.6\commons-lang-2.6.jar;"/>
    <property name="sun.cpu.endian" value="little"/>
    <property name="user.home" value="C:\Users\84879"/>
    <property name="user.language" value="en"/>
    <property name="java.specification.vendor" value="Oracle Corporation"/>
    <property name="java.version.date" value="2024-04-16"/>
    <property name="java.home" value="C:\Program Files\Java\jdk-11"/>
    <property name="file.separator" value="\"/>
    <property name="basedir" value="D:\TuyenVTT\My project automation\FPTPLAY_PageObjectModel"/>
    <property name="java.vm.compressedOopsMode" value="32-bit"/>
    <property name="line.separator" value="&#10;"/>
    <property name="java.specification.name" value="Java Platform API Specification"/>
    <property name="java.vm.specification.vendor" value="Oracle Corporation"/>
    <property name="java.awt.graphicsenv" value="sun.awt.Win32GraphicsEnvironment"/>
    <property name="surefire.real.class.path" value="C:\Users\84879\AppData\Local\Temp\surefire5701136810232215420\surefirebooter-20240505190640750_3.jar"/>
    <property name="user.script" value=""/>
    <property name="sun.management.compiler" value="HotSpot 64-Bit Tiered Compilers"/>
    <property name="java.runtime.version" value="11.0.23+7-LTS-222"/>
    <property name="user.name" value="Admin"/>
    <property name="path.separator" value=";"/>
    <property name="os.version" value="10.0"/>
    <property name="java.runtime.name" value="Java(TM) SE Runtime Environment"/>
    <property name="file.encoding" value="Cp1252"/>
    <property name="java.vm.name" value="Java HotSpot(TM) 64-Bit Server VM"/>
    <property name="java.vendor.version" value="18.9"/>
    <property name="localRepository" value="C:\Users\84879\.m2\repository"/>
    <property name="java.vendor.url.bug" value="https://bugreport.java.com/bugreport/"/>
    <property name="java.io.tmpdir" value="C:\Users\84879\AppData\Local\Temp\"/>
    <property name="java.version" value="11.0.23"/>
    <property name="user.dir" value="D:\TuyenVTT\My project automation\FPTPLAY_PageObjectModel"/>
    <property name="os.arch" value="amd64"/>
    <property name="java.vm.specification.name" value="Java Virtual Machine Specification"/>
    <property name="java.awt.printerjob" value="sun.awt.windows.WPrinterJob"/>
    <property name="sun.os.patch.level" value=""/>
    <property name="java.library.path" value="C:\Program Files\Java\jdk-11\bin;C:\WINDOWS\Sun\Java\bin;C:\WINDOWS\system32;C:\WINDOWS;C:\Program Files\Git\mingw64\bin;C:\Program Files\Git\usr\bin;C:\Users\84879\bin;D:\TuyenVTT\My project automation\Setting\apache-maven-3.9.6\bin;C:\Users\84879\AppData\Local\Microsoft\WindowsApps;C:\Program Files\JetBrains\IntelliJ IDEA Community Edition 2024.1\bin;."/>
    <property name="java.vendor" value="Oracle Corporation"/>
    <property name="java.vm.info" value="mixed mode"/>
    <property name="java.vm.version" value="11.0.23+7-LTS-222"/>
    <property name="java.specification.maintenance.version" value="2"/>
    <property name="sun.io.unicode.encoding" value="UnicodeLittle"/>
    <property name="java.class.version" value="55.0"/>
  </properties>
  <testcase name="verifyRedirectToThongTinCaNhanSuccess[0974303989, 123456](1)" classname="testcases.Account_test" time="6.029">
    <system-out><![CDATA[Tài khoản và dịch vụ
]]></system-out>
    <system-err><![CDATA[SLF4J: Failed to load class "org.slf4j.impl.StaticLoggerBinder".
SLF4J: Defaulting to no-operation (NOP) logger implementation
SLF4J: See http://www.slf4j.org/codes.html#StaticLoggerBinder for further details.
May 05, 2024 7:06:50 PM org.openqa.selenium.manager.SeleniumManager lambda$runCommand$1
INFO: Driver path: C:\Users\84879\.cache\selenium\chromedriver\win64\124.0.6367.91\chromedriver.exe
May 05, 2024 7:06:51 PM org.openqa.selenium.manager.SeleniumManager lambda$runCommand$1
INFO: Browser path: C:\Users\84879\.cache\selenium\chrome\win64\124.0.6367.91\chrome.exe
May 05, 2024 7:06:57 PM org.openqa.selenium.remote.http.WebSocket$Listener onError
WARNING: Invalid Status code=403 text=Forbidden
java.io.IOException: Invalid Status code=403 text=Forbidden
	at org.asynchttpclient.netty.handler.WebSocketHandler.abort(WebSocketHandler.java:92)
	at org.asynchttpclient.netty.handler.WebSocketHandler.handleRead(WebSocketHandler.java:118)
	at org.asynchttpclient.netty.handler.AsyncHttpClientHandler.channelRead(AsyncHttpClientHandler.java:78)
	at io.netty.channel.AbstractChannelHandlerContext.invokeChannelRead(AbstractChannelHandlerContext.java:444)
	at io.netty.channel.AbstractChannelHandlerContext.invokeChannelRead(AbstractChannelHandlerContext.java:420)
	at io.netty.channel.AbstractChannelHandlerContext.fireChannelRead(AbstractChannelHandlerContext.java:412)
	at io.netty.channel.CombinedChannelDuplexHandler$DelegatingChannelHandlerContext.fireChannelRead(CombinedChannelDuplexHandler.java:436)
	at io.netty.handler.codec.ByteToMessageDecoder.fireChannelRead(ByteToMessageDecoder.java:346)
	at io.netty.handler.codec.ByteToMessageDecoder.fireChannelRead(ByteToMessageDecoder.java:333)
	at io.netty.handler.codec.ByteToMessageDecoder.callDecode(ByteToMessageDecoder.java:454)
	at io.netty.handler.codec.ByteToMessageDecoder.channelRead(ByteToMessageDecoder.java:290)
	at io.netty.channel.CombinedChannelDuplexHandler.channelRead(CombinedChannelDuplexHandler.java:251)
	at io.netty.channel.AbstractChannelHandlerContext.invokeChannelRead(AbstractChannelHandlerContext.java:442)
	at io.netty.channel.AbstractChannelHandlerContext.invokeChannelRead(AbstractChannelHandlerContext.java:420)
	at io.netty.channel.AbstractChannelHandlerContext.fireChannelRead(AbstractChannelHandlerContext.java:412)
	at io.netty.channel.DefaultChannelPipeline$HeadContext.channelRead(DefaultChannelPipeline.java:1410)
	at io.netty.channel.AbstractChannelHandlerContext.invokeChannelRead(AbstractChannelHandlerContext.java:440)
	at io.netty.channel.AbstractChannelHandlerContext.invokeChannelRead(AbstractChannelHandlerContext.java:420)
	at io.netty.channel.DefaultChannelPipeline.fireChannelRead(DefaultChannelPipeline.java:919)
	at io.netty.channel.nio.AbstractNioByteChannel$NioByteUnsafe.read(AbstractNioByteChannel.java:166)
	at io.netty.channel.nio.NioEventLoop.processSelectedKey(NioEventLoop.java:788)
	at io.netty.channel.nio.NioEventLoop.processSelectedKeysOptimized(NioEventLoop.java:724)
	at io.netty.channel.nio.NioEventLoop.processSelectedKeys(NioEventLoop.java:650)
	at io.netty.channel.nio.NioEventLoop.run(NioEventLoop.java:562)
	at io.netty.util.concurrent.SingleThreadEventExecutor$4.run(SingleThreadEventExecutor.java:997)
	at io.netty.util.internal.ThreadExecutorMap$2.run(ThreadExecutorMap.java:74)
	at io.netty.util.concurrent.FastThreadLocalRunnable.run(FastThreadLocalRunnable.java:30)
	at java.base/java.lang.Thread.run(Thread.java:834)

May 05, 2024 7:06:57 PM org.openqa.selenium.chromium.ChromiumDriver <init>
WARNING: Unable to establish websocket connection to http://localhost:57898
org.openqa.selenium.remote.http.ConnectionFailedException: Unable to establish websocket connection to http://localhost:57898/devtools/browser/4792ee11-00f4-4ebb-a387-72cd573f2073
Build info: version: '4.12.0', revision: '249f2a7d1b*'
System info: os.name: 'Windows 10', os.arch: 'amd64', os.version: '10.0', java.version: '11.0.23'
Driver info: driver.version: ChromeDriver
	at org.openqa.selenium.remote.http.netty.NettyWebSocket.<init>(NettyWebSocket.java:116)
	at org.openqa.selenium.remote.http.netty.NettyWebSocket.lambda$create$3(NettyWebSocket.java:147)
	at org.openqa.selenium.remote.http.netty.NettyClient.openSocket(NettyClient.java:104)
	at org.openqa.selenium.devtools.Connection.<init>(Connection.java:83)
	at org.openqa.selenium.chromium.ChromiumDriver.lambda$new$4(ChromiumDriver.java:153)
	at java.base/java.util.Optional.map(Optional.java:265)
	at org.openqa.selenium.chromium.ChromiumDriver.<init>(ChromiumDriver.java:153)
	at org.openqa.selenium.chrome.ChromeDriver.<init>(ChromeDriver.java:88)
	at org.openqa.selenium.chrome.ChromeDriver.<init>(ChromeDriver.java:83)
	at org.openqa.selenium.chrome.ChromeDriver.<init>(ChromeDriver.java:72)
	at testcases.Account_test.openBrowser(Account_test.java:34)
	at java.base/jdk.internal.reflect.NativeMethodAccessorImpl.invoke0(Native Method)
	at java.base/jdk.internal.reflect.NativeMethodAccessorImpl.invoke(NativeMethodAccessorImpl.java:62)
	at java.base/jdk.internal.reflect.DelegatingMethodAccessorImpl.invoke(DelegatingMethodAccessorImpl.java:43)
	at java.base/java.lang.reflect.Method.invoke(Method.java:566)
	at org.testng.internal.invokers.MethodInvocationHelper.invokeMethod(MethodInvocationHelper.java:139)
	at org.testng.internal.invokers.MethodInvocationHelper.invokeMethodConsideringTimeout(MethodInvocationHelper.java:69)
	at org.testng.internal.invokers.ConfigInvoker.invokeConfigurationMethod(ConfigInvoker.java:390)
	at org.testng.internal.invokers.ConfigInvoker.invokeConfigurations(ConfigInvoker.java:325)
	at org.testng.internal.invokers.TestMethodWorker.invokeBeforeClassMethods(TestMethodWorker.java:180)
	at org.testng.internal.invokers.TestMethodWorker.run(TestMethodWorker.java:122)
	at java.base/java.util.ArrayList.forEach(ArrayList.java:1541)
	at org.testng.TestRunner.privateRun(TestRunner.java:848)
	at org.testng.TestRunner.run(TestRunner.java:621)
	at org.testng.SuiteRunner.runTest(SuiteRunner.java:443)
	at org.testng.SuiteRunner.runSequentially(SuiteRunner.java:437)
	at org.testng.SuiteRunner.privateRun(SuiteRunner.java:397)
	at org.testng.SuiteRunner.run(SuiteRunner.java:336)
	at org.testng.SuiteRunnerWorker.runSuite(SuiteRunnerWorker.java:52)
	at org.testng.SuiteRunnerWorker.run(SuiteRunnerWorker.java:95)
	at org.testng.TestNG.runSuitesSequentially(TestNG.java:1280)
	at org.testng.TestNG.runSuitesLocally(TestNG.java:1200)
	at org.testng.TestNG.runSuites(TestNG.java:1114)
	at org.testng.TestNG.run(TestNG.java:1082)
	at org.apache.maven.surefire.testng.TestNGExecutor.run(TestNGExecutor.java:308)
	at org.apache.maven.surefire.testng.TestNGXmlTestSuite.execute(TestNGXmlTestSuite.java:71)
	at org.apache.maven.surefire.testng.TestNGProvider.invoke(TestNGProvider.java:113)
	at org.apache.maven.surefire.booter.ForkedBooter.runSuitesInProcess(ForkedBooter.java:385)
	at org.apache.maven.surefire.booter.ForkedBooter.execute(ForkedBooter.java:162)
	at org.apache.maven.surefire.booter.ForkedBooter.run(ForkedBooter.java:507)
	at org.apache.maven.surefire.booter.ForkedBooter.main(ForkedBooter.java:495)

May 05, 2024 7:06:58 PM org.openqa.selenium.devtools.CdpVersionFinder findNearestMatch
WARNING: Unable to find CDP implementation matching 124
May 05, 2024 7:06:58 PM org.openqa.selenium.chromium.ChromiumDriver lambda$new$5
WARNING: Unable to find version of CDP to use for 124.0.6367.91. You may need to include a dependency on a specific version of the CDP using something similar to `org.seleniumhq.selenium:selenium-devtools-v86:4.12.0` where the version ("v86") matches the version of the chromium-based browser you're using and the version number of the artifact is the same as Selenium's.
]]></system-err>
  </testcase>
  <testcase name="verifyUpdateUsernameSuccess" classname="testcases.Account_test" time="20.647">
    <system-out><![CDATA[Quynh Cha Natttttttt
]]></system-out>
  </testcase>
  <testcase name="verifyCannotUpdateHoSoWithEmtyUsername" classname="testcases.Account_test" time="7.987"/>
  <testcase name="verifyCannotUpdateHoSoWithUsernameLessThan6Letters" classname="testcases.Account_test" time="4.327"/>
  <testcase name="verifyCannotUpdateHoSoWithUsernameMoreThan20Leters" classname="testcases.Account_test" time="4.811"/>
  <testcase name="verifyCannotUpdateHoSoWithUsernameHaveSpecialLetter" classname="testcases.Account_test" time="3.957"/>
</testsuite>